{"name": "test_sub[float_case]", "status": "failed", "statusDetails": {"message": "AssertionError: assert -0.30000000000000004 == -0.3", "trace": "self = <testing.test_calc.TestCalc object at 0x0000025672FCA0C8>, count = <pythoncode.calculator.Calculator object at 0x000002567308B388>, a = -0.1\nb = 0.2, expect = -0.3\n\n    @pytest.mark.run(order=5)\n    @pytest.mark.parametrize('a,b,expect',get_datas()[4],ids=get_datas()[5])\n    def test_sub(self,count,a,b,expect):\n        result = count.sub(a,b)\n>       assert result == expect\nE       assert -0.30000000000000004 == -0.3\n\ntesting\\test_calc.py:65: AssertionError"}, "parameters": [{"name": "a", "value": "-0.1"}, {"name": "b", "value": "0.2"}, {"name": "expect", "value": "-0.3"}], "start": 1603110001672, "stop": 1603110001672, "uuid": "d5189c72-d4e2-4e5d-a878-f82fe5567be7", "historyId": "bd2b46a658d8039c5f20f723016a7bc3", "testCaseId": "862a10b7d0dd1f4f3b7b234473ec8a21", "fullName": "testing.test_calc.TestCalc#test_sub", "labels": [{"name": "tag", "value": "run(order=5)"}, {"name": "parentSuite", "value": "testing"}, {"name": "suite", "value": "test_calc"}, {"name": "subSuite", "value": "TestCalc"}, {"name": "host", "value": "DESKTOP-OSBOSLT"}, {"name": "thread", "value": "9484-MainThread"}, {"name": "framework", "value": "pytest"}, {"name": "language", "value": "cpython3"}, {"name": "package", "value": "testing.test_calc"}]}