{"name": "test_div[float_case]", "status": "failed", "statusDetails": {"message": "AssertionError: assert 0.8999999999999999 == 0.9", "trace": "self = <testing.test_calc.TestCalc object at 0x0000025672FDA608>, count = <pythoncode.calculator.Calculator object at 0x00000256730501C8>, a = 0.18\nb = 0.2, expect = 0.9\n\n    @pytest.mark.run(order=3)\n    @pytest.mark.parametrize('a,b,expect',get_datas()[10],ids=get_datas()[11])\n    def test_div(self,count,a,b,expect):\n        result = count.div(a,b)\n>       assert result == expect\nE       assert 0.8999999999999999 == 0.9\n\ntesting\\test_calc.py:83: AssertionError"}, "parameters": [{"name": "a", "value": "0.18"}, {"name": "b", "value": "0.2"}, {"name": "expect", "value": "0.9"}], "start": 1603110001558, "stop": 1603110001558, "uuid": "01287bfa-975b-4eeb-80fd-d55d61ec9f76", "historyId": "8fe3ed88e442de7e0649566e14fa51fa", "testCaseId": "0341458a9448abf57329f54fff5c1b43", "fullName": "testing.test_calc.TestCalc#test_div", "labels": [{"name": "tag", "value": "run(order=3)"}, {"name": "parentSuite", "value": "testing"}, {"name": "suite", "value": "test_calc"}, {"name": "subSuite", "value": "TestCalc"}, {"name": "host", "value": "DESKTOP-OSBOSLT"}, {"name": "thread", "value": "9484-MainThread"}, {"name": "framework", "value": "pytest"}, {"name": "language", "value": "cpython3"}, {"name": "package", "value": "testing.test_calc"}]}