{"name": "test_div[minus_case]", "status": "failed", "statusDetails": {"message": "AssertionError: assert 19.0 == -19", "trace": "self = <testing.test_calc.TestCalc object at 0x0000025673055E08>, count = <pythoncode.calculator.Calculator object at 0x00000256730501C8>, a = -95, b = -5\nexpect = -19\n\n    @pytest.mark.run(order=3)\n    @pytest.mark.parametrize('a,b,expect',get_datas()[10],ids=get_datas()[11])\n    def test_div(self,count,a,b,expect):\n        result = count.div(a,b)\n>       assert result == expect\nE       assert 19.0 == -19\n\ntesting\\test_calc.py:83: AssertionError"}, "parameters": [{"name": "a", "value": "-95"}, {"name": "b", "value": "-5"}, {"name": "expect", "value": "-19"}], "start": 1603110001491, "stop": 1603110001491, "uuid": "5a64c297-6ef7-4718-8121-34f398ec988b", "historyId": "f7f718e720fed6050d8b4ef87354b7d5", "testCaseId": "0341458a9448abf57329f54fff5c1b43", "fullName": "testing.test_calc.TestCalc#test_div", "labels": [{"name": "tag", "value": "run(order=3)"}, {"name": "parentSuite", "value": "testing"}, {"name": "suite", "value": "test_calc"}, {"name": "subSuite", "value": "TestCalc"}, {"name": "host", "value": "DESKTOP-OSBOSLT"}, {"name": "thread", "value": "9484-MainThread"}, {"name": "framework", "value": "pytest"}, {"name": "language", "value": "cpython3"}, {"name": "package", "value": "testing.test_calc"}]}